<?xml version="1.0" encoding="UTF-8" standalone="yes"?><!DOCTYPE report PUBLIC "-//JACOCO//DTD Report 1.1//EN" "report.dtd"><report name="Student Project"><sessioninfo id="Davids-MacBook-Pro.local-4f6f1d54" start="1751333165258" dump="1751333167200"/><sessioninfo id="Davids-MacBook-Pro.local-4f6f1d54" start="1751333165258" dump="1751333167200"/><sessioninfo id="Davids-MacBook-Pro.local-4f6f1d54" start="1751333165258" dump="1751333167200"/><sessioninfo id="Davids-MacBook-Pro.local-4f6f1d54" start="1751333165258" dump="1751333167200"/><sessioninfo id="Davids-MacBook-Pro.local-f87c3ade" start="1751333177990" dump="1751333179745"/><sessioninfo id="Davids-MacBook-Pro.local-f87c3ade" start="1751333177990" dump="1751333179745"/><sessioninfo id="Davids-MacBook-Pro.local-f87c3ade" start="1751333177990" dump="1751333179745"/><sessioninfo id="Davids-MacBook-Pro.local-f87c3ade" start="1751333177990" dump="1751333179745"/><sessioninfo id="Davids-MacBook-Pro.local-dc11f0d2" start="1751333288336" dump="1751333290128"/><sessioninfo id="Davids-MacBook-Pro.local-dc11f0d2" start="1751333288336" dump="1751333290128"/><sessioninfo id="Davids-MacBook-Pro.local-dc11f0d2" start="1751333288336" dump="1751333290128"/><sessioninfo id="Davids-MacBook-Pro.local-a9aff959" start="1751333299514" dump="1751333301000"/><sessioninfo id="Davids-MacBook-Pro.local-a9aff959" start="1751333299514" dump="1751333301000"/><sessioninfo id="Davids-MacBook-Pro.local-a9aff959" start="1751333299514" dump="1751333301000"/><sessioninfo id="Davids-MacBook-Pro.local-9c97eb26" start="1751333352402" dump="1751333354699"/><sessioninfo id="Davids-MacBook-Pro.local-9c97eb26" start="1751333352402" dump="1751333354699"/><sessioninfo id="Davids-MacBook-Pro.local-f54586c6" start="1751333362893" dump="1751333364556"/><sessioninfo id="Davids-MacBook-Pro.local-f54586c6" start="1751333362893" dump="1751333364556"/><sessioninfo id="Davids-MacBook-Pro.local-21b7c4bc" start="1751505177448" dump="1751505179400"/><sessioninfo id="Davids-MacBook-Pro.local-632db7fb" start="1751505187454" dump="1751505188856"/><package name="edu/pdx/cs/joy/whitlock"><class name="edu/pdx/cs/joy/whitlock/Student" sourcefilename="Student.java"><method name="&lt;init&gt;" desc="(Ljava/lang/String;Ljava/util/ArrayList;DLjava/lang/String;)V" line="29"><counter type="INSTRUCTION" missed="10" covered="0"/><counter type="LINE" missed="4" covered="0"/><counter type="COMPLEXITY" missed="1" covered="0"/><counter type="METHOD" missed="1" covered="0"/></method><method name="says" desc="()Ljava/lang/String;" line="39"><counter type="INSTRUCTION" missed="2" covered="0"/><counter type="LINE" missed="1" covered="0"/><counter type="COMPLEXITY" missed="1" covered="0"/><counter type="METHOD" missed="1" covered="0"/></method><method name="toString" desc="()Ljava/lang/String;" line="48"><counter type="INSTRUCTION" missed="21" covered="0"/><counter type="LINE" missed="3" covered="0"/><counter type="COMPLEXITY" missed="1" covered="0"/><counter type="METHOD" missed="1" covered="0"/></method><method name="main" desc="([Ljava/lang/String;)V" line="60"><counter type="INSTRUCTION" missed="78" covered="0"/><counter type="BRANCH" missed="14" covered="0"/><counter type="LINE" missed="27" covered="0"/><counter type="COMPLEXITY" missed="8" covered="0"/><counter type="METHOD" missed="1" covered="0"/></method><counter type="INSTRUCTION" missed="111" covered="0"/><counter type="BRANCH" missed="14" covered="0"/><counter type="LINE" missed="35" covered="0"/><counter type="COMPLEXITY" missed="11" covered="0"/><counter type="METHOD" missed="4" covered="0"/><counter type="CLASS" missed="1" covered="0"/></class><sourcefile name="Student.java"><line nr="29" mi="3" ci="0" mb="0" cb="0"/><line nr="30" mi="3" ci="0" mb="0" cb="0"/><line nr="31" mi="3" ci="0" mb="0" cb="0"/><line nr="32" mi="1" ci="0" mb="0" cb="0"/><line nr="39" mi="2" ci="0" mb="0" cb="0"/><line nr="48" mi="4" ci="0" mb="0" cb="0"/><line nr="49" mi="15" ci="0" mb="0" cb="0"/><line nr="51" mi="2" ci="0" mb="0" cb="0"/><line nr="60" mi="2" ci="0" mb="0" cb="0"/><line nr="61" mi="2" ci="0" mb="0" cb="0"/><line nr="62" mi="2" ci="0" mb="0" cb="0"/><line nr="64" mi="16" ci="0" mb="2" cb="0"/><line nr="65" mi="2" ci="0" mb="2" cb="0"/><line nr="66" mi="3" ci="0" mb="0" cb="0"/><line nr="68" mi="2" ci="0" mb="2" cb="0"/><line nr="69" mi="3" ci="0" mb="0" cb="0"/><line nr="71" mi="2" ci="0" mb="2" cb="0"/><line nr="72" mi="2" ci="0" mb="0" cb="0"/><line nr="76" mi="2" ci="0" mb="2" cb="0"/><line nr="77" mi="3" ci="0" mb="0" cb="0"/><line nr="78" mi="1" ci="0" mb="0" cb="0"/><line nr="80" mi="2" ci="0" mb="2" cb="0"/><line nr="81" mi="3" ci="0" mb="0" cb="0"/><line nr="82" mi="1" ci="0" mb="0" cb="0"/><line nr="84" mi="2" ci="0" mb="2" cb="0"/><line nr="85" mi="3" ci="0" mb="0" cb="0"/><line nr="86" mi="1" ci="0" mb="0" cb="0"/><line nr="91" mi="3" ci="0" mb="0" cb="0"/><line nr="93" mi="1" ci="0" mb="0" cb="0"/><line nr="94" mi="4" ci="0" mb="0" cb="0"/><line nr="95" mi="1" ci="0" mb="0" cb="0"/><line nr="96" mi="1" ci="0" mb="0" cb="0"/><line nr="98" mi="10" ci="0" mb="0" cb="0"/><line nr="99" mi="3" ci="0" mb="0" cb="0"/><line nr="100" mi="1" ci="0" mb="0" cb="0"/><counter type="INSTRUCTION" missed="111" covered="0"/><counter type="BRANCH" missed="14" covered="0"/><counter type="LINE" missed="35" covered="0"/><counter type="COMPLEXITY" missed="11" covered="0"/><counter type="METHOD" missed="4" covered="0"/><counter type="CLASS" missed="1" covered="0"/></sourcefile><counter type="INSTRUCTION" missed="111" covered="0"/><counter type="BRANCH" missed="14" covered="0"/><counter type="LINE" missed="35" covered="0"/><counter type="COMPLEXITY" missed="11" covered="0"/><counter type="METHOD" missed="4" covered="0"/><counter type="CLASS" missed="1" covered="0"/></package><counter type="INSTRUCTION" missed="111" covered="0"/><counter type="BRANCH" missed="14" covered="0"/><counter type="LINE" missed="35" covered="0"/><counter type="COMPLEXITY" missed="11" covered="0"/><counter type="METHOD" missed="4" covered="0"/><counter type="CLASS" missed="1" covered="0"/></report>